<?xml version="1.0" encoding="UTF-8"?>
<testsuite xmlns:xsi="http://www.w3.org/2001/XMLSchema-instance" xsi:noNamespaceSchemaLocation="https://maven.apache.org/surefire/maven-surefire-plugin/xsd/surefire-test-report.xsd" version="3.0.2" name="com.prueba2.Gerencia.GerenciaApplicationTests" time="14.737" tests="1" errors="0" skipped="0" failures="0">
  <properties>
[...]
</properties>
  <testcase name="contextLoads" classname="com.prueba2.Gerencia.GerenciaApplicationTests" time="0.965">
    <system-out><![CDATA[17:15:14.696 [main] INFO org.springframework.test.context.support.AnnotationConfigContextLoaderUtils -- Could not detect default configuration classes for test class [com.prueba2.Gerencia.GerenciaApplicationTests]: GerenciaApplicationTests does not declare any static, non-private, non-final, nested classes annotated with @Configuration.
17:15:15.378 [main] INFO org.springframework.boot.test.context.SpringBootTestContextBootstrapper -- Found @SpringBootConfiguration com.prueba2.Gerencia.GerenciaApplication for test class com.prueba2.Gerencia.GerenciaApplicationTests
17:15:16.192 [main] INFO org.springframework.boot.devtools.restart.RestartApplicationListener -- Restart disabled due to context in which it is running

  .   ____          _            __ _ _
 /\\ / ___'_ __ _ _(_)_ __  __ _ \ \ \ \
( ( )\___ | '_ | '_| | '_ \/ _` | \ \ \ \
 \\/  ___)| |_)| | | | | || (_| |  ) ) ) )
  '  |____| .__|_| |_|_| |_\__, | / / / /
 =========|_|==============|___/=/_/_/_/

 :: Spring Boot ::                (v3.5.0)

2025-06-03T17:15:17.833-04:00  INFO 2748 --- [Gerencia] [           main] c.p.Gerencia.GerenciaApplicationTests    : Starting GerenciaApplicationTests using Java 24 with PID 2748 (started by franc in C:\Users\franc\Desktop\Gerencia)
2025-06-03T17:15:17.837-04:00  INFO 2748 --- [Gerencia] [           main] c.p.Gerencia.GerenciaApplicationTests    : No active profile set, falling back to 1 default profile: "default"
2025-06-03T17:15:19.740-04:00  INFO 2748 --- [Gerencia] [           main] .s.d.r.c.RepositoryConfigurationDelegate : Bootstrapping Spring Data JPA repositories in DEFAULT mode.
2025-06-03T17:15:19.899-04:00  INFO 2748 --- [Gerencia] [           main] .s.d.r.c.RepositoryConfigurationDelegate : Finished Spring Data repository scanning in 125 ms. Found 1 JPA repository interface.
2025-06-03T17:15:21.080-04:00  INFO 2748 --- [Gerencia] [           main] o.hibernate.jpa.internal.util.LogHelper  : HHH000204: Processing PersistenceUnitInfo [name: default]
2025-06-03T17:15:21.254-04:00  INFO 2748 --- [Gerencia] [           main] org.hibernate.Version                    : HHH000412: Hibernate ORM core version 6.6.15.Final
2025-06-03T17:15:21.353-04:00  INFO 2748 --- [Gerencia] [           main] o.h.c.internal.RegionFactoryInitiator    : HHH000026: Second-level cache disabled
2025-06-03T17:15:22.371-04:00  INFO 2748 --- [Gerencia] [           main] o.s.o.j.p.SpringPersistenceUnitInfo      : No LoadTimeWeaver setup: ignoring JPA class transformer
2025-06-03T17:15:22.467-04:00  INFO 2748 --- [Gerencia] [           main] com.zaxxer.hikari.HikariDataSource       : HikariPool-1 - Starting...
2025-06-03T17:15:22.966-04:00  INFO 2748 --- [Gerencia] [           main] com.zaxxer.hikari.pool.HikariPool        : HikariPool-1 - Added connection com.mysql.cj.jdbc.ConnectionImpl@27dbaa33
2025-06-03T17:15:22.971-04:00  INFO 2748 --- [Gerencia] [           main] com.zaxxer.hikari.HikariDataSource       : HikariPool-1 - Start completed.
2025-06-03T17:15:23.141-04:00  WARN 2748 --- [Gerencia] [           main] org.hibernate.dialect.Dialect            : HHH000511: The 5.5.5 version for [org.hibernate.dialect.MySQLDialect] is no longer supported, hence certain features may not work properly. The minimum supported version is 8.0.0. Check the community dialects project for available legacy versions.
2025-06-03T17:15:23.224-04:00  INFO 2748 --- [Gerencia] [           main] org.hibernate.orm.connections.pooling    : HHH10001005: Database info:
	Database JDBC URL [Connecting through datasource 'HikariDataSource (HikariPool-1)']
	Database driver: undefined/unknown
	Database version: 5.5.5
	Autocommit mode: undefined/unknown
	Isolation level: undefined/unknown
	Minimum pool size: undefined/unknown
	Maximum pool size: undefined/unknown
2025-06-03T17:15:25.321-04:00  INFO 2748 --- [Gerencia] [           main] o.h.e.t.j.p.i.JtaPlatformInitiator       : HHH000489: No JTA platform available (set 'hibernate.transaction.jta.platform' to enable JTA platform integration)
2025-06-03T17:15:25.435-04:00  INFO 2748 --- [Gerencia] [           main] j.LocalContainerEntityManagerFactoryBean : Initialized JPA EntityManagerFactory for persistence unit 'default'
2025-06-03T17:15:26.410-04:00  WARN 2748 --- [Gerencia] [           main] JpaBaseConfiguration$JpaWebConfiguration : spring.jpa.open-in-view is enabled by default. Therefore, database queries may be performed during view rendering. Explicitly configure spring.jpa.open-in-view to disable this warning
2025-06-03T17:15:27.510-04:00  INFO 2748 --- [Gerencia] [           main] c.p.Gerencia.GerenciaApplicationTests    : Started GerenciaApplicationTests in 11.41 seconds (process running for 15.977)
]]></system-out>
    <system-err><![CDATA[Mockito is currently self-attaching to enable the inline-mock-maker. This will no longer work in future releases of the JDK. Please add Mockito as an agent to your build as described in Mockito's documentation: https://javadoc.io/doc/org.mockito/mockito-core/latest/org.mockito/org/mockito/Mockito.html#0.3
WARNING: A Java agent has been loaded dynamically (C:\Users\franc\.m2\repository\net\bytebuddy\byte-buddy-agent\1.17.5\byte-buddy-agent-1.17.5.jar)
WARNING: If a serviceability tool is in use, please run with -XX:+EnableDynamicAgentLoading to hide this warning
WARNING: If a serviceability tool is not in use, please run with -Djdk.instrument.traceUsage for more information
WARNING: Dynamic loading of agents will be disallowed by default in a future release
]]></system-err>
  </testcase>
</testsuite>